C:\DEVELOPMENT\PROJECTS\RHUBARB\RHUBARB\RELEASE\CCAMERA.OBJ
C:\DEVELOPMENT\PROJECTS\RHUBARB\RHUBARB\RELEASE\CENTITY.OBJ
C:\DEVELOPMENT\PROJECTS\RHUBARB\RHUBARB\RELEASE\CFLATSHADER.OBJ
C:\DEVELOPMENT\PROJECTS\RHUBARB\RHUBARB\RELEASE\CIDENTITYSHADER.OBJ
C:\Development\Projects\Rhubarb\Rhubarb\Release\cl.command.1.tlog
C:\Development\Projects\Rhubarb\Rhubarb\Release\CL.read.1.tlog
C:\Development\Projects\Rhubarb\Rhubarb\Release\CL.write.1.tlog
C:\DEVELOPMENT\PROJECTS\RHUBARB\RHUBARB\RELEASE\CMATRIX44.OBJ
C:\DEVELOPMENT\PROJECTS\RHUBARB\RHUBARB\RELEASE\CMATRIXMANAGER.OBJ
C:\DEVELOPMENT\PROJECTS\RHUBARB\RHUBARB\RELEASE\CMESH.OBJ
C:\DEVELOPMENT\PROJECTS\RHUBARB\RHUBARB\RELEASE\COBJREADER.OBJ
C:\DEVELOPMENT\PROJECTS\RHUBARB\RHUBARB\RELEASE\CPHONGSHADER.OBJ
C:\DEVELOPMENT\PROJECTS\RHUBARB\RHUBARB\RELEASE\CSHADERBASE.OBJ
C:\DEVELOPMENT\PROJECTS\RHUBARB\RHUBARB\RELEASE\CTRIANGLEMESH.OBJ
C:\DEVELOPMENT\PROJECTS\RHUBARB\RHUBARB\RELEASE\CVECTOR4.OBJ
C:\Development\Projects\Rhubarb\Rhubarb\Release\link.command.1.tlog
C:\Development\Projects\Rhubarb\Rhubarb\Release\link.read.1.tlog
C:\Development\Projects\Rhubarb\Rhubarb\Release\link.write.1.tlog
C:\DEVELOPMENT\PROJECTS\RHUBARB\RHUBARB\RELEASE\MAIN.OBJ
C:\DEVELOPMENT\PROJECTS\RHUBARB\RHUBARB\RELEASE\VC100.PDB
