Build started 2011-02-06 12:20:26.
     1>Project "C:\Development\Projects\Rhubarb\Rhubarb\Rhubarb.vcxproj" on node 2 (build target(s)).
     1>InitializeBuildStatus:
         Touching "Release\Rhubarb.unsuccessfulbuild".
       ClCompile:
         c:\Program Files (x86)\Microsoft Visual Studio 10.0\VC\bin\CL.exe /c /Zi /nologo /W3 /WX- /O2 /Oi /Oy- /GL /D _MBCS /Gm- /EHsc /MD /GS /Gy /fp:precise /Zc:wchar_t /Zc:forScope /Fo"Release\\" /Fd"Release\vc100.pdb" /Gd /TP /analyze- /errorReport:prompt CCamera.cpp CEntity.cpp CFlatShader.cpp CIdentityShader.cpp CMatrix44.cpp CMatrixManager.cpp CMesh.cpp CObjReader.cpp CPhongShader.cpp CShaderBase.cpp CTriangleMesh.cpp CVector4.cpp main.cpp
         CCamera.cpp
         CEntity.cpp
         CFlatShader.cpp
         CIdentityShader.cpp
         CMatrix44.cpp
         CMatrixManager.cpp
         CMesh.cpp
         CObjReader.cpp
         CPhongShader.cpp
         CShaderBase.cpp
         CTriangleMesh.cpp
         CVector4.cpp
         main.cpp
       Link:
         c:\Program Files (x86)\Microsoft Visual Studio 10.0\VC\bin\link.exe /ERRORREPORT:PROMPT /OUT:"C:\Development\Projects\Rhubarb\Release\Rhubarb.exe" /NOLOGO freeglut.lib opengl32.lib glew32s.lib kernel32.lib user32.lib gdi32.lib winspool.lib comdlg32.lib advapi32.lib shell32.lib ole32.lib oleaut32.lib uuid.lib odbc32.lib odbccp32.lib /MANIFEST /ManifestFile:"Release\Rhubarb.exe.intermediate.manifest" /MANIFESTUAC:"level='asInvoker' uiAccess='false'" /DEBUG /PDB:"C:\Development\Projects\Rhubarb\Release\Rhubarb.pdb" /OPT:REF /OPT:ICF /LTCG /TLBID:1 /DYNAMICBASE /NXCOMPAT /IMPLIB:"C:\Development\Projects\Rhubarb\Release\Rhubarb.lib" /MACHINE:X86 Release\CCamera.obj
         Release\CEntity.obj
         Release\CFlatShader.obj
         Release\CIdentityShader.obj
         Release\CMatrix44.obj
         Release\CMatrixManager.obj
         Release\CMesh.obj
         Release\CObjReader.obj
         Release\CPhongShader.obj
         Release\CShaderBase.obj
         Release\CTriangleMesh.obj
         Release\CVector4.obj
         Release\main.obj
     1>LIBCMT.lib(hooks.obj) : error LNK2005: "void __cdecl terminate(void)" (?terminate@@YAXXZ) already defined in MSVCRT.lib(MSVCR100.dll)
     1>LIBCMT.lib(typinfo.obj) : error LNK2005: "public: void __thiscall type_info::_type_info_dtor_internal_method(void)" (?_type_info_dtor_internal_method@type_info@@QAEXXZ) already defined in MSVCRT.lib(MSVCR100.dll)
     1>LIBCMT.lib(typinfo.obj) : error LNK2005: "private: __thiscall type_info::type_info(class type_info const &)" (??0type_info@@AAE@ABV0@@Z) already defined in MSVCRT.lib(ti_inst.obj)
     1>LIBCMT.lib(typinfo.obj) : error LNK2005: "private: class type_info & __thiscall type_info::operator=(class type_info const &)" (??4type_info@@AAEAAV0@ABV0@@Z) already defined in MSVCRT.lib(ti_inst.obj)
     1>LIBCMT.lib(mlock.obj) : error LNK2005: __unlock already defined in MSVCRT.lib(MSVCR100.dll)
     1>LIBCMT.lib(mlock.obj) : error LNK2005: __lock already defined in MSVCRT.lib(MSVCR100.dll)
     1>LIBCMT.lib(winxfltr.obj) : error LNK2005: __XcptFilter already defined in MSVCRT.lib(MSVCR100.dll)
     1>LIBCMT.lib(crt0dat.obj) : error LNK2005: __initterm_e already defined in MSVCRT.lib(MSVCR100.dll)
     1>LIBCMT.lib(crt0dat.obj) : error LNK2005: _exit already defined in MSVCRT.lib(MSVCR100.dll)
     1>LIBCMT.lib(crt0dat.obj) : error LNK2005: __exit already defined in MSVCRT.lib(MSVCR100.dll)
     1>LIBCMT.lib(crt0dat.obj) : error LNK2005: __cexit already defined in MSVCRT.lib(MSVCR100.dll)
     1>LIBCMT.lib(crt0dat.obj) : error LNK2005: __amsg_exit already defined in MSVCRT.lib(MSVCR100.dll)
     1>LIBCMT.lib(invarg.obj) : error LNK2005: __invoke_watson already defined in MSVCRT.lib(MSVCR100.dll)
     1>LIBCMT.lib(crt0init.obj) : error LNK2005: ___xi_a already defined in MSVCRT.lib(cinitexe.obj)
     1>LIBCMT.lib(crt0init.obj) : error LNK2005: ___xi_z already defined in MSVCRT.lib(cinitexe.obj)
     1>LIBCMT.lib(crt0init.obj) : error LNK2005: ___xc_a already defined in MSVCRT.lib(cinitexe.obj)
     1>LIBCMT.lib(crt0init.obj) : error LNK2005: ___xc_z already defined in MSVCRT.lib(cinitexe.obj)
     1>LIBCMT.lib(crt0.obj) : error LNK2005: _mainCRTStartup already defined in MSVCRT.lib(crtexe.obj)
     1>LIBCMT.lib(errmode.obj) : error LNK2005: ___set_app_type already defined in MSVCRT.lib(MSVCR100.dll)
     1>LIBCMT.lib(setlocal.obj) : error LNK2005: __configthreadlocale already defined in MSVCRT.lib(MSVCR100.dll)
     1>LINK : warning LNK4098: defaultlib 'MSVCRT' conflicts with use of other libs; use /NODEFAULTLIB:library
     1>LINK : warning LNK4098: defaultlib 'LIBCMT' conflicts with use of other libs; use /NODEFAULTLIB:library
     1>C:\Development\Projects\Rhubarb\Release\Rhubarb.exe : fatal error LNK1169: one or more multiply defined symbols found
     1>Done Building Project "C:\Development\Projects\Rhubarb\Rhubarb\Rhubarb.vcxproj" (build target(s)) -- FAILED.

Build FAILED.

Time Elapsed 00:00:03.44
